C:\Users\dphilip\Desktop\NADA_BASE\NADA\AngularApp\dist\out-tsc\e2e\app.po.js
C:\Users\dphilip\Desktop\NADA_BASE\NADA\AngularApp\dist\out-tsc\e2e\app.po.js.map
C:\Users\dphilip\Desktop\NADA_BASE\NADA\AngularApp\dist\out-tsc\e2e\app.e2e-spec.js
C:\Users\dphilip\Desktop\NADA_BASE\NADA\AngularApp\dist\out-tsc\e2e\app.e2e-spec.js.map
C:\Users\dphilip\Desktop\NADA_BASE\NADA\AngularApp\dist\out-tsc\src\environments\environment.js
C:\Users\dphilip\Desktop\NADA_BASE\NADA\AngularApp\dist\out-tsc\src\environments\environment.js.map
C:\Users\dphilip\Desktop\NADA_BASE\NADA\AngularApp\dist\out-tsc\src\app\app.component.js
C:\Users\dphilip\Desktop\NADA_BASE\NADA\AngularApp\dist\out-tsc\src\app\app.component.js.map
C:\Users\dphilip\Desktop\NADA_BASE\NADA\AngularApp\dist\out-tsc\src\app\app.routing.js
C:\Users\dphilip\Desktop\NADA_BASE\NADA\AngularApp\dist\out-tsc\src\app\app.routing.js.map
C:\Users\dphilip\Desktop\NADA_BASE\NADA\AngularApp\dist\out-tsc\src\app\app.color.js
C:\Users\dphilip\Desktop\NADA_BASE\NADA\AngularApp\dist\out-tsc\src\app\app.color.js.map
C:\Users\dphilip\Desktop\NADA_BASE\NADA\AngularApp\dist\out-tsc\src\app\app.config.js
C:\Users\dphilip\Desktop\NADA_BASE\NADA\AngularApp\dist\out-tsc\src\app\app.config.js.map
C:\Users\dphilip\Desktop\NADA_BASE\NADA\AngularApp\dist\out-tsc\src\app\app.module.js
C:\Users\dphilip\Desktop\NADA_BASE\NADA\AngularApp\dist\out-tsc\src\app\app.module.js.map
C:\Users\dphilip\Desktop\NADA_BASE\NADA\AngularApp\dist\out-tsc\src\main.js
C:\Users\dphilip\Desktop\NADA_BASE\NADA\AngularApp\dist\out-tsc\src\main.js.map
C:\Users\dphilip\Desktop\NADA_BASE\NADA\AngularApp\dist\out-tsc\src\polyfills.js
C:\Users\dphilip\Desktop\NADA_BASE\NADA\AngularApp\dist\out-tsc\src\polyfills.js.map
C:\Users\dphilip\Desktop\NADA_BASE\NADA\AngularApp\dist\out-tsc\src\test.js
C:\Users\dphilip\Desktop\NADA_BASE\NADA\AngularApp\dist\out-tsc\src\test.js.map
C:\Users\dphilip\Desktop\NADA_BASE\NADA\AngularApp\dist\out-tsc\src\app\app.state.js
C:\Users\dphilip\Desktop\NADA_BASE\NADA\AngularApp\dist\out-tsc\src\app\app.state.js.map
C:\Users\dphilip\Desktop\NADA_BASE\NADA\AngularApp\dist\out-tsc\src\environments\environment.prod.js
C:\Users\dphilip\Desktop\NADA_BASE\NADA\AngularApp\dist\out-tsc\src\environments\environment.prod.js.map
C:\Users\dphilip\Desktop\NADA_BASE\NADA\AngularApp\dist\out-tsc\src\app\models\MyJob.js
C:\Users\dphilip\Desktop\NADA_BASE\NADA\AngularApp\dist\out-tsc\src\app\models\MyJob.js.map
C:\Users\dphilip\Desktop\NADA_BASE\NADA\AngularApp\dist\out-tsc\src\app\models\PostData.js
C:\Users\dphilip\Desktop\NADA_BASE\NADA\AngularApp\dist\out-tsc\src\app\models\PostData.js.map
C:\Users\dphilip\Desktop\NADA_BASE\NADA\AngularApp\dist\out-tsc\src\app\pages\pages.component.js
C:\Users\dphilip\Desktop\NADA_BASE\NADA\AngularApp\dist\out-tsc\src\app\pages\pages.component.js.map
C:\Users\dphilip\Desktop\NADA_BASE\NADA\AngularApp\dist\out-tsc\src\app\theme\directives\progress-animate\progress-animate.directive.js
C:\Users\dphilip\Desktop\NADA_BASE\NADA\AngularApp\dist\out-tsc\src\app\theme\directives\progress-animate\progress-animate.directive.js.map
C:\Users\dphilip\Desktop\NADA_BASE\NADA\AngularApp\dist\out-tsc\src\app\theme\directives\directives.module.js
C:\Users\dphilip\Desktop\NADA_BASE\NADA\AngularApp\dist\out-tsc\src\app\theme\directives\directives.module.js.map
C:\Users\dphilip\Desktop\NADA_BASE\NADA\AngularApp\dist\out-tsc\src\app\theme\pipes\pipes.module.js
C:\Users\dphilip\Desktop\NADA_BASE\NADA\AngularApp\dist\out-tsc\src\app\theme\pipes\pipes.module.js.map
C:\Users\dphilip\Desktop\NADA_BASE\NADA\AngularApp\dist\out-tsc\src\app\pages\pages.routing.js
C:\Users\dphilip\Desktop\NADA_BASE\NADA\AngularApp\dist\out-tsc\src\app\pages\pages.routing.js.map
C:\Users\dphilip\Desktop\NADA_BASE\NADA\AngularApp\dist\out-tsc\src\app\theme\components\menu\menu.js
C:\Users\dphilip\Desktop\NADA_BASE\NADA\AngularApp\dist\out-tsc\src\app\theme\components\menu\menu.js.map
C:\Users\dphilip\Desktop\NADA_BASE\NADA\AngularApp\dist\out-tsc\src\app\theme\components\menu\menu.service.js
C:\Users\dphilip\Desktop\NADA_BASE\NADA\AngularApp\dist\out-tsc\src\app\theme\components\menu\menu.service.js.map
C:\Users\dphilip\Desktop\NADA_BASE\NADA\AngularApp\dist\out-tsc\src\app\theme\components\menu\menu.component.js
C:\Users\dphilip\Desktop\NADA_BASE\NADA\AngularApp\dist\out-tsc\src\app\theme\components\menu\menu.component.js.map
C:\Users\dphilip\Desktop\NADA_BASE\NADA\AngularApp\dist\out-tsc\src\app\theme\components\navbar\navbar.component.js
C:\Users\dphilip\Desktop\NADA_BASE\NADA\AngularApp\dist\out-tsc\src\app\theme\components\navbar\navbar.component.js.map
C:\Users\dphilip\Desktop\NADA_BASE\NADA\AngularApp\dist\out-tsc\src\app\theme\components\breadcrumb\breadcrumb.component.js
C:\Users\dphilip\Desktop\NADA_BASE\NADA\AngularApp\dist\out-tsc\src\app\theme\components\breadcrumb\breadcrumb.component.js.map
C:\Users\dphilip\Desktop\NADA_BASE\NADA\AngularApp\dist\out-tsc\src\app\theme\components\back-top\back-top.component.js
C:\Users\dphilip\Desktop\NADA_BASE\NADA\AngularApp\dist\out-tsc\src\app\theme\components\back-top\back-top.component.js.map
C:\Users\dphilip\Desktop\NADA_BASE\NADA\AngularApp\dist\out-tsc\src\app\pages\pages.module.js
C:\Users\dphilip\Desktop\NADA_BASE\NADA\AngularApp\dist\out-tsc\src\app\pages\pages.module.js.map
C:\Users\dphilip\Desktop\NADA_BASE\NADA\AngularApp\dist\out-tsc\src\app\services\auth-service.service.js
C:\Users\dphilip\Desktop\NADA_BASE\NADA\AngularApp\dist\out-tsc\src\app\services\auth-service.service.js.map
C:\Users\dphilip\Desktop\NADA_BASE\NADA\AngularApp\dist\out-tsc\src\app\services\AuthenticationServiceService.js
C:\Users\dphilip\Desktop\NADA_BASE\NADA\AngularApp\dist\out-tsc\src\app\services\AuthenticationServiceService.js.map
C:\Users\dphilip\Desktop\NADA_BASE\NADA\AngularApp\dist\out-tsc\src\app\services\DataServiceService.js
C:\Users\dphilip\Desktop\NADA_BASE\NADA\AngularApp\dist\out-tsc\src\app\services\DataServiceService.js.map
C:\Users\dphilip\Desktop\NADA_BASE\NADA\AngularApp\dist\out-tsc\src\app\pages\administration\admin.component.js
C:\Users\dphilip\Desktop\NADA_BASE\NADA\AngularApp\dist\out-tsc\src\app\pages\administration\admin.component.js.map
C:\Users\dphilip\Desktop\NADA_BASE\NADA\AngularApp\dist\out-tsc\src\app\pages\administration\admin.module.js
C:\Users\dphilip\Desktop\NADA_BASE\NADA\AngularApp\dist\out-tsc\src\app\pages\administration\admin.module.js.map
C:\Users\dphilip\Desktop\NADA_BASE\NADA\AngularApp\dist\out-tsc\src\app\pages\dashboard\dashboard.component.js
C:\Users\dphilip\Desktop\NADA_BASE\NADA\AngularApp\dist\out-tsc\src\app\pages\dashboard\dashboard.component.js.map
C:\Users\dphilip\Desktop\NADA_BASE\NADA\AngularApp\dist\out-tsc\src\app\pages\dashboard\dashboard.module.js
C:\Users\dphilip\Desktop\NADA_BASE\NADA\AngularApp\dist\out-tsc\src\app\pages\dashboard\dashboard.module.js.map
